<?xml version="1.0" encoding="UTF-8"?>
<!-- Generated by org.testng.reporters.JUnitXMLReporter -->
<testsuite ignored="0" hostname="fitboy" failures="0" tests="4" name="allHerokuTests" time="0.133" errors="0" timestamp="2024-11-27T13:10:32 EST">
  <testcase classname="com.mine.springdemo.heroku.HerokuMainPageTest" name="@BeforeTest beforeTest" time="0.053">
    <failure type="java.lang.IllegalStateException" message="The path to the driver executable The path to the driver executable must be set by the webdriver.chrome.driver system property; for more information, see https://github.com/SeleniumHQ/selenium/wiki/ChromeDriver. The latest version can be downloaded from https://chromedriver.storage.googleapis.com/index.html">
      <![CDATA[java.lang.IllegalStateException: The path to the driver executable The path to the driver executable must be set by the webdriver.chrome.driver system property; for more information, see https://github.com/SeleniumHQ/selenium/wiki/ChromeDriver. The latest version can be downloaded from https://chromedriver.storage.googleapis.com/index.html
at org.openqa.selenium.internal.Require$StateChecker.nonNull(Require.java:311)
at org.openqa.selenium.remote.service.DriverService.findExecutable(DriverService.java:135)
at org.openqa.selenium.chrome.ChromeDriverService.access$000(ChromeDriverService.java:38)
at org.openqa.selenium.chrome.ChromeDriverService$Builder.findDefaultExecutable(ChromeDriverService.java:231)
at org.openqa.selenium.remote.service.DriverService$Builder.build(DriverService.java:437)
at org.openqa.selenium.chrome.ChromeDriverService.createDefaultService(ChromeDriverService.java:127)
at org.openqa.selenium.chrome.ChromeDriver.<init>(ChromeDriver.java:48)
at com.mine.springdemo.utility.SetupMainPage.<init>(SetupMainPage.java:17)
at com.mine.springdemo.heroku.HerokuMainPageTest.beforeTest(HerokuMainPageTest.java:73)
... Removed 22 stack frames]]>
    </failure>
  </testcase> <!-- @BeforeTest beforeTest -->
  <testcase classname="com.mine.springdemo.heroku.HerokuMainPageTest" name="@AfterTest afterTest" time="0.0">
    <skipped/>
  </testcase> <!-- @AfterTest afterTest -->
  <testcase classname="com.mine.springdemo.heroku.HerokuMainPageTest" name="abTest" time="0.0">
    <skipped/>
  </testcase> <!-- abTest -->
  <testcase classname="com.mine.springdemo.heroku.HerokuMainPageTest" name="checkboxesTest" time="0.0">
    <skipped/>
  </testcase> <!-- checkboxesTest -->
  <testcase classname="com.mine.springdemo.heroku.HerokuMainPageTest" name="integerCheckTest" time="0.0">
    <skipped/>
  </testcase> <!-- integerCheckTest -->
  <testcase classname="com.mine.springdemo.heroku.HerokuMainPageTest" name="titleTest" time="0.001">
    <skipped/>
  </testcase> <!-- titleTest -->
</testsuite> <!-- allHerokuTests -->
